Connecting to database specified by database.yml
  [1m[36m (124.7ms)[0m  [1mCREATE TABLE `schema_migrations` (`version` varchar(255) NOT NULL) ENGINE=InnoDB[0m
  [1m[35m (250.4ms)[0m  CREATE UNIQUE INDEX `unique_schema_migrations` ON `schema_migrations` (`version`)
  [1m[36m (0.9ms)[0m  [1mSELECT `schema_migrations`.`version` FROM `schema_migrations` [0m
Connecting to database specified by database.yml
Connecting to database specified by database.yml
  [1m[36m (2.5ms)[0m  [1mSELECT `schema_migrations`.`version` FROM `schema_migrations` [0m
Migrating to CreatePaintings (20130622164856)
  [1m[35m (138.3ms)[0m  CREATE TABLE `paintings` (`id` int(11) DEFAULT NULL auto_increment PRIMARY KEY, `image` varchar(255), `created_at` datetime NOT NULL, `updated_at` datetime NOT NULL) ENGINE=InnoDB
  [1m[36m (65.3ms)[0m  [1mINSERT INTO `schema_migrations` (`version`) VALUES ('20130622164856')[0m
  [1m[35m (0.5ms)[0m  SELECT `schema_migrations`.`version` FROM `schema_migrations` 


Started GET "/assets/rails.png" for 127.0.0.1 at 2013-06-22 22:03:27 +0500
Connecting to database specified by database.yml
Served asset /rails.png - 200 OK (5ms)


Started GET "/paintings" for 127.0.0.1 at 2013-06-22 22:03:37 +0500
Processing by PaintingsController#index as HTML
  [1m[36mPainting Load (0.5ms)[0m  [1mSELECT `paintings`.* FROM `paintings` [0m
  Rendered paintings/index.html.erb within layouts/application (22.3ms)
Compiled paintings.css  (42ms)  (pid 3946)
Compiled application.css  (46ms)  (pid 3946)
Compiled jquery.js  (23ms)  (pid 3946)
Compiled jquery_ujs.js  (0ms)  (pid 3946)
Compiled paintings.js  (159ms)  (pid 3946)
Compiled application.js  (196ms)  (pid 3946)
Completed 200 OK in 757ms (Views: 336.2ms | ActiveRecord: 2.1ms)


Started GET "/assets/paintings.css?body=1" for 127.0.0.1 at 2013-06-22 22:03:38 +0500
Served asset /paintings.css - 200 OK (1ms)


Started GET "/assets/paintings.js?body=1" for 127.0.0.1 at 2013-06-22 22:03:38 +0500
Served asset /paintings.js - 200 OK (1ms)


Started GET "/assets/jquery_ujs.js?body=1" for 127.0.0.1 at 2013-06-22 22:03:38 +0500
Served asset /jquery_ujs.js - 200 OK (1ms)


Started GET "/assets/jquery.js?body=1" for 127.0.0.1 at 2013-06-22 22:03:38 +0500
Served asset /jquery.js - 200 OK (4ms)


Started GET "/assets/application.css?body=1" for 127.0.0.1 at 2013-06-22 22:03:38 +0500
Served asset /application.css - 200 OK (2ms)


Started GET "/assets/application.js?body=1" for 127.0.0.1 at 2013-06-22 22:03:38 +0500
Served asset /application.js - 200 OK (5ms)


Started GET "/paintings/new" for 127.0.0.1 at 2013-06-22 22:03:46 +0500
Processing by PaintingsController#new as HTML
  Rendered paintings/new.html.erb within layouts/application (69.9ms)
Completed 500 Internal Server Error in 78ms

ActionView::Template::Error (undefined method `error_messages' for #<ActionView::Helpers::FormBuilder:0x007f54d02d8828>):
    1: <%= form_for @painting, :html => {:multipart => true} do |f| %>
    2:   <%= f.error_messages %>
    3:   <%= f.hidden_field :gallery_id %>
    4:   <p>
    5:     <%= f.label :name %><br />
  app/views/paintings/new.html.erb:2:in `block in _app_views_paintings_new_html_erb__3214652370563300690_70001123215580'
  app/views/paintings/new.html.erb:1:in `_app_views_paintings_new_html_erb__3214652370563300690_70001123215580'


  Rendered /home/adil/.rvm/gems/ruby-1.9.3-p194/gems/actionpack-3.2.11/lib/action_dispatch/middleware/templates/rescues/_trace.erb (0.9ms)
  Rendered /home/adil/.rvm/gems/ruby-1.9.3-p194/gems/actionpack-3.2.11/lib/action_dispatch/middleware/templates/rescues/_request_and_response.erb (0.7ms)
  Rendered /home/adil/.rvm/gems/ruby-1.9.3-p194/gems/actionpack-3.2.11/lib/action_dispatch/middleware/templates/rescues/template_error.erb within rescues/layout (7.9ms)


Started GET "/paintings/new" for 127.0.0.1 at 2013-06-22 22:04:17 +0500
Processing by PaintingsController#new as HTML
  Rendered paintings/new.html.erb within layouts/application (82.8ms)
Completed 200 OK in 108ms (Views: 107.3ms | ActiveRecord: 0.0ms)


Started GET "/assets/paintings.css?body=1" for 127.0.0.1 at 2013-06-22 22:04:17 +0500
Served asset /paintings.css - 304 Not Modified (0ms)


Started GET "/assets/jquery.js?body=1" for 127.0.0.1 at 2013-06-22 22:04:18 +0500
Served asset /jquery.js - 304 Not Modified (2ms)


Started GET "/assets/application.css?body=1" for 127.0.0.1 at 2013-06-22 22:04:18 +0500
Served asset /application.css - 304 Not Modified (0ms)


Started GET "/assets/paintings.js?body=1" for 127.0.0.1 at 2013-06-22 22:04:18 +0500
Served asset /paintings.js - 304 Not Modified (0ms)


Started GET "/assets/application.js?body=1" for 127.0.0.1 at 2013-06-22 22:04:18 +0500
Served asset /application.js - 304 Not Modified (2ms)


Started GET "/assets/jquery_ujs.js?body=1" for 127.0.0.1 at 2013-06-22 22:04:18 +0500
Served asset /jquery_ujs.js - 304 Not Modified (0ms)


Started POST "/paintings" for 127.0.0.1 at 2013-06-22 22:04:24 +0500

AbstractController::ActionNotFound (The action 'create' could not be found for PaintingsController):
  actionpack (3.2.11) lib/abstract_controller/base.rb:116:in `process'
  actionpack (3.2.11) lib/abstract_controller/rendering.rb:45:in `process'
  actionpack (3.2.11) lib/action_controller/metal.rb:203:in `dispatch'
  actionpack (3.2.11) lib/action_controller/metal/rack_delegation.rb:14:in `dispatch'
  actionpack (3.2.11) lib/action_controller/metal.rb:246:in `block in action'
  actionpack (3.2.11) lib/action_dispatch/routing/route_set.rb:73:in `call'
  actionpack (3.2.11) lib/action_dispatch/routing/route_set.rb:73:in `dispatch'
  actionpack (3.2.11) lib/action_dispatch/routing/route_set.rb:36:in `call'
  journey (1.0.4) lib/journey/router.rb:68:in `block in call'
  journey (1.0.4) lib/journey/router.rb:56:in `each'
  journey (1.0.4) lib/journey/router.rb:56:in `call'
  actionpack (3.2.11) lib/action_dispatch/routing/route_set.rb:601:in `call'
  actionpack (3.2.11) lib/action_dispatch/middleware/best_standards_support.rb:17:in `call'
  rack (1.4.5) lib/rack/etag.rb:23:in `call'
  rack (1.4.5) lib/rack/conditionalget.rb:35:in `call'
  actionpack (3.2.11) lib/action_dispatch/middleware/head.rb:14:in `call'
  actionpack (3.2.11) lib/action_dispatch/middleware/params_parser.rb:21:in `call'
  actionpack (3.2.11) lib/action_dispatch/middleware/flash.rb:242:in `call'
  rack (1.4.5) lib/rack/session/abstract/id.rb:210:in `context'
  rack (1.4.5) lib/rack/session/abstract/id.rb:205:in `call'
  actionpack (3.2.11) lib/action_dispatch/middleware/cookies.rb:341:in `call'
  activerecord (3.2.11) lib/active_record/query_cache.rb:64:in `call'
  activerecord (3.2.11) lib/active_record/connection_adapters/abstract/connection_pool.rb:479:in `call'
  actionpack (3.2.11) lib/action_dispatch/middleware/callbacks.rb:28:in `block in call'
  activesupport (3.2.11) lib/active_support/callbacks.rb:405:in `_run__326941949257819400__call__1979987756619659556__callbacks'
  activesupport (3.2.11) lib/active_support/callbacks.rb:405:in `__run_callback'
  activesupport (3.2.11) lib/active_support/callbacks.rb:385:in `_run_call_callbacks'
  activesupport (3.2.11) lib/active_support/callbacks.rb:81:in `run_callbacks'
  actionpack (3.2.11) lib/action_dispatch/middleware/callbacks.rb:27:in `call'
  actionpack (3.2.11) lib/action_dispatch/middleware/reloader.rb:65:in `call'
  actionpack (3.2.11) lib/action_dispatch/middleware/remote_ip.rb:31:in `call'
  actionpack (3.2.11) lib/action_dispatch/middleware/debug_exceptions.rb:16:in `call'
  actionpack (3.2.11) lib/action_dispatch/middleware/show_exceptions.rb:56:in `call'
  railties (3.2.11) lib/rails/rack/logger.rb:32:in `call_app'
  railties (3.2.11) lib/rails/rack/logger.rb:16:in `block in call'
  activesupport (3.2.11) lib/active_support/tagged_logging.rb:22:in `tagged'
  railties (3.2.11) lib/rails/rack/logger.rb:16:in `call'
  actionpack (3.2.11) lib/action_dispatch/middleware/request_id.rb:22:in `call'
  rack (1.4.5) lib/rack/methodoverride.rb:21:in `call'
  rack (1.4.5) lib/rack/runtime.rb:17:in `call'
  activesupport (3.2.11) lib/active_support/cache/strategy/local_cache.rb:72:in `call'
  rack (1.4.5) lib/rack/lock.rb:15:in `call'
  actionpack (3.2.11) lib/action_dispatch/middleware/static.rb:62:in `call'
  railties (3.2.11) lib/rails/engine.rb:479:in `call'
  railties (3.2.11) lib/rails/application.rb:223:in `call'
  rack (1.4.5) lib/rack/content_length.rb:14:in `call'
  railties (3.2.11) lib/rails/rack/log_tailer.rb:17:in `call'
  rack (1.4.5) lib/rack/handler/webrick.rb:59:in `service'
  /home/adil/.rvm/rubies/ruby-1.9.3-p194/lib/ruby/1.9.1/webrick/httpserver.rb:138:in `service'
  /home/adil/.rvm/rubies/ruby-1.9.3-p194/lib/ruby/1.9.1/webrick/httpserver.rb:94:in `run'
  /home/adil/.rvm/rubies/ruby-1.9.3-p194/lib/ruby/1.9.1/webrick/server.rb:191:in `block in start_thread'


  Rendered /home/adil/.rvm/gems/ruby-1.9.3-p194/gems/actionpack-3.2.11/lib/action_dispatch/middleware/templates/rescues/unknown_action.erb within rescues/layout (0.4ms)


Started GET "/paintings/new" for 127.0.0.1 at 2013-06-22 22:08:31 +0500
Processing by PaintingsController#new as HTML
  Rendered paintings/new.html.erb within layouts/application (2.5ms)
Completed 200 OK in 22ms (Views: 8.1ms | ActiveRecord: 1.9ms)


Started POST "/paintings" for 127.0.0.1 at 2013-06-22 22:08:37 +0500
Processing by PaintingsController#create as HTML
  Parameters: {"utf8"=>"✓", "authenticity_token"=>"N1ZEdwiXcWyIeLp5kAmtcPh2Xymth7qI8aTb05RpbRE=", "painting"=>{"image"=>#<ActionDispatch::Http::UploadedFile:0x007f54d4585f90 @original_filename="12100022-C08.jpg", @content_type="image/jpeg", @headers="Content-Disposition: form-data; name=\"painting[image]\"; filename=\"12100022-C08.jpg\"\r\nContent-Type: image/jpeg\r\n", @tempfile=#<File:/tmp/RackMultipart20130622-3946-1s1smts>>, "remote_image_url"=>""}, "commit"=>"Create Painting"}
  [1m[35m (0.1ms)[0m  BEGIN
  [1m[36mSQL (0.2ms)[0m  [1mINSERT INTO `paintings` (`created_at`, `image`, `updated_at`) VALUES ('2013-06-22 17:08:37', '12100022-C08.jpg', '2013-06-22 17:08:37')[0m
  [1m[35m (70.4ms)[0m  COMMIT
Redirected to http://localhost:3000index
Completed 302 Found in 108ms (ActiveRecord: 70.8ms)


Started POST "/paintings" for 127.0.0.1 at 2013-06-22 22:08:37 +0500
Processing by PaintingsController#create as HTML
  Parameters: {"utf8"=>"✓", "authenticity_token"=>"N1ZEdwiXcWyIeLp5kAmtcPh2Xymth7qI8aTb05RpbRE=", "painting"=>{"image"=>#<ActionDispatch::Http::UploadedFile:0x000000034c2248 @original_filename="12100022-C08.jpg", @content_type="image/jpeg", @headers="Content-Disposition: form-data; name=\"painting[image]\"; filename=\"12100022-C08.jpg\"\r\nContent-Type: image/jpeg\r\n", @tempfile=#<File:/tmp/RackMultipart20130622-3946-p39aqi>>, "remote_image_url"=>""}, "commit"=>"Create Painting"}
  [1m[36m (0.1ms)[0m  [1mBEGIN[0m
  [1m[35mSQL (0.3ms)[0m  INSERT INTO `paintings` (`created_at`, `image`, `updated_at`) VALUES ('2013-06-22 17:08:37', '12100022-C08.jpg', '2013-06-22 17:08:37')
  [1m[36m (63.7ms)[0m  [1mCOMMIT[0m
Redirected to http://localhost:3000index
Completed 302 Found in 73ms (ActiveRecord: 64.2ms)


Started GET "/assets/rails.png" for 127.0.0.1 at 2013-06-22 22:09:59 +0500
Served asset /rails.png - 304 Not Modified (0ms)


Started GET "/" for 127.0.0.1 at 2013-06-22 22:10:40 +0500
Connecting to database specified by database.yml
Processing by PaintingsController#index as HTML
  [1m[36mPainting Load (0.5ms)[0m  [1mSELECT `paintings`.* FROM `paintings` [0m
  Rendered paintings/index.html.erb within layouts/application (24.7ms)
Completed 500 Internal Server Error in 104ms

ActionView::Template::Error (undefined method `name' for #<Painting:0x007f4c74a491c0>):
    3:   <% @paintings.each do |painting| %>
    4:     <div class="painting">
    5:       <%= image_tag painting.image_url.to_s %>
    6:       <div class="name"><%= painting.name %></div>
    7:       <div class="actions">
    8:         <%= link_to "remove", painting, :confirm => 'Are you sure?', :method => :delete %>
    9:       </div>
  app/views/paintings/index.html.erb:6:in `block in _app_views_paintings_index_html_erb___2186490077472083404_69983172690100'
  app/views/paintings/index.html.erb:3:in `each'
  app/views/paintings/index.html.erb:3:in `_app_views_paintings_index_html_erb___2186490077472083404_69983172690100'


  Rendered /home/adil/.rvm/gems/ruby-1.9.3-p194/gems/actionpack-3.2.11/lib/action_dispatch/middleware/templates/rescues/_trace.erb (0.8ms)
  Rendered /home/adil/.rvm/gems/ruby-1.9.3-p194/gems/actionpack-3.2.11/lib/action_dispatch/middleware/templates/rescues/_request_and_response.erb (0.6ms)
  Rendered /home/adil/.rvm/gems/ruby-1.9.3-p194/gems/actionpack-3.2.11/lib/action_dispatch/middleware/templates/rescues/template_error.erb within rescues/layout (5.0ms)


Started GET "/" for 127.0.0.1 at 2013-06-22 22:10:57 +0500
Processing by PaintingsController#index as HTML
  [1m[35mPainting Load (0.3ms)[0m  SELECT `paintings`.* FROM `paintings` 
  Rendered paintings/index.html.erb within layouts/application (2.9ms)
Completed 200 OK in 15ms (Views: 14.1ms | ActiveRecord: 0.3ms)


Started GET "/assets/application.css?body=1" for 127.0.0.1 at 2013-06-22 22:10:57 +0500
Served asset /application.css - 200 OK (2ms)


Started GET "/assets/jquery_ujs.js?body=1" for 127.0.0.1 at 2013-06-22 22:10:57 +0500
Served asset /jquery_ujs.js - 200 OK (4ms)


Started GET "/assets/jquery.js?body=1" for 127.0.0.1 at 2013-06-22 22:10:57 +0500
Served asset /jquery.js - 200 OK (7ms)


Started GET "/assets/paintings.css?body=1" for 127.0.0.1 at 2013-06-22 22:10:57 +0500
Served asset /paintings.css - 200 OK (3ms)


Started GET "/assets/paintings.js?body=1" for 127.0.0.1 at 2013-06-22 22:10:57 +0500
Served asset /paintings.js - 200 OK (3ms)


Started GET "/assets/application.js?body=1" for 127.0.0.1 at 2013-06-22 22:10:57 +0500
Served asset /application.js - 200 OK (4ms)


Started GET "/" for 127.0.0.1 at 2013-06-22 22:11:33 +0500
Processing by PaintingsController#index as HTML
  [1m[36mPainting Load (0.4ms)[0m  [1mSELECT `paintings`.* FROM `paintings` [0m
  Rendered paintings/index.html.erb within layouts/application (4.8ms)
Completed 200 OK in 64ms (Views: 11.3ms | ActiveRecord: 37.8ms)


Started GET "/assets/application.css?body=1" for 127.0.0.1 at 2013-06-22 22:11:33 +0500
Served asset /application.css - 200 OK (0ms)


Started GET "/assets/jquery.js?body=1" for 127.0.0.1 at 2013-06-22 22:11:33 +0500
Served asset /jquery.js - 200 OK (6ms)


Started GET "/assets/jquery_ujs.js?body=1" for 127.0.0.1 at 2013-06-22 22:11:33 +0500
Served asset /jquery_ujs.js - 200 OK (0ms)


Started GET "/assets/paintings.css?body=1" for 127.0.0.1 at 2013-06-22 22:11:33 +0500
Served asset /paintings.css - 200 OK (0ms)


Started GET "/assets/application.js?body=1" for 127.0.0.1 at 2013-06-22 22:11:33 +0500
Served asset /application.js - 200 OK (2ms)


Started GET "/assets/paintings.js?body=1" for 127.0.0.1 at 2013-06-22 22:11:33 +0500
Served asset /paintings.js - 200 OK (0ms)


Started GET "/" for 127.0.0.1 at 2013-06-22 22:12:04 +0500
Processing by PaintingsController#index as HTML
  [1m[35mPainting Load (0.3ms)[0m  SELECT `paintings`.* FROM `paintings` 
  Rendered paintings/index.html.erb within layouts/application (2.3ms)
Completed 200 OK in 34ms (Views: 6.1ms | ActiveRecord: 2.3ms)


Started GET "/assets/application.css?body=1" for 127.0.0.1 at 2013-06-22 22:12:04 +0500
Served asset /application.css - 200 OK (3ms)


Started GET "/assets/jquery_ujs.js?body=1" for 127.0.0.1 at 2013-06-22 22:12:04 +0500
Served asset /jquery_ujs.js - 200 OK (0ms)


Started GET "/assets/jquery.js?body=1" for 127.0.0.1 at 2013-06-22 22:12:04 +0500
Served asset /jquery.js - 200 OK (0ms)


Started GET "/assets/application.js?body=1" for 127.0.0.1 at 2013-06-22 22:12:04 +0500
Served asset /application.js - 200 OK (1ms)


Started GET "/assets/paintings.css?body=1" for 127.0.0.1 at 2013-06-22 22:12:04 +0500
Served asset /paintings.css - 200 OK (0ms)


Started GET "/assets/paintings.js?body=1" for 127.0.0.1 at 2013-06-22 22:12:04 +0500
Served asset /paintings.js - 200 OK (0ms)


Started GET "/" for 127.0.0.1 at 2013-06-22 22:12:05 +0500
Processing by PaintingsController#index as HTML
  [1m[36mPainting Load (0.3ms)[0m  [1mSELECT `paintings`.* FROM `paintings` [0m
  Rendered paintings/index.html.erb within layouts/application (2.0ms)
Completed 200 OK in 14ms (Views: 11.7ms | ActiveRecord: 0.3ms)


Started GET "/assets/application.css?body=1" for 127.0.0.1 at 2013-06-22 22:12:05 +0500
Served asset /application.css - 200 OK (3ms)


Started GET "/assets/paintings.css?body=1" for 127.0.0.1 at 2013-06-22 22:12:05 +0500
Served asset /paintings.css - 200 OK (0ms)


Started GET "/assets/jquery.js?body=1" for 127.0.0.1 at 2013-06-22 22:12:05 +0500
Served asset /jquery.js - 200 OK (1ms)


Started GET "/assets/application.js?body=1" for 127.0.0.1 at 2013-06-22 22:12:05 +0500
Served asset /application.js - 200 OK (1ms)


Started GET "/assets/jquery_ujs.js?body=1" for 127.0.0.1 at 2013-06-22 22:12:05 +0500
Served asset /jquery_ujs.js - 200 OK (0ms)


Started GET "/assets/paintings.js?body=1" for 127.0.0.1 at 2013-06-22 22:12:05 +0500
Served asset /paintings.js - 200 OK (0ms)


Started GET "/" for 127.0.0.1 at 2013-06-22 22:12:06 +0500
Processing by PaintingsController#index as HTML
  [1m[35mPainting Load (0.1ms)[0m  SELECT `paintings`.* FROM `paintings` 
  Rendered paintings/index.html.erb within layouts/application (1.7ms)
Completed 200 OK in 6ms (Views: 5.4ms | ActiveRecord: 0.1ms)


Started GET "/assets/application.css?body=1" for 127.0.0.1 at 2013-06-22 22:12:06 +0500
Served asset /application.css - 200 OK (7ms)


Started GET "/assets/paintings.js?body=1" for 127.0.0.1 at 2013-06-22 22:12:06 +0500
Served asset /paintings.js - 200 OK (0ms)


Started GET "/assets/jquery_ujs.js?body=1" for 127.0.0.1 at 2013-06-22 22:12:06 +0500
Served asset /jquery_ujs.js - 200 OK (0ms)


Started GET "/assets/jquery.js?body=1" for 127.0.0.1 at 2013-06-22 22:12:06 +0500
Served asset /jquery.js - 200 OK (1ms)


Started GET "/assets/paintings.css?body=1" for 127.0.0.1 at 2013-06-22 22:12:06 +0500
Served asset /paintings.css - 200 OK (0ms)


Started GET "/assets/application.js?body=1" for 127.0.0.1 at 2013-06-22 22:12:06 +0500
Served asset /application.js - 200 OK (2ms)


Started GET "/" for 127.0.0.1 at 2013-06-22 22:12:06 +0500
Processing by PaintingsController#index as HTML
  [1m[36mPainting Load (0.1ms)[0m  [1mSELECT `paintings`.* FROM `paintings` [0m
  Rendered paintings/index.html.erb within layouts/application (3.2ms)
Completed 200 OK in 12ms (Views: 11.1ms | ActiveRecord: 0.1ms)


Started GET "/assets/application.css?body=1" for 127.0.0.1 at 2013-06-22 22:12:06 +0500
Served asset /application.css - 200 OK (0ms)


Started GET "/assets/paintings.css?body=1" for 127.0.0.1 at 2013-06-22 22:12:06 +0500
Served asset /paintings.css - 200 OK (0ms)


Started GET "/assets/application.js?body=1" for 127.0.0.1 at 2013-06-22 22:12:06 +0500
Served asset /application.js - 200 OK (2ms)


Started GET "/assets/paintings.js?body=1" for 127.0.0.1 at 2013-06-22 22:12:06 +0500
Served asset /paintings.js - 200 OK (0ms)


Started GET "/assets/jquery_ujs.js?body=1" for 127.0.0.1 at 2013-06-22 22:12:06 +0500
Served asset /jquery_ujs.js - 200 OK (0ms)


Started GET "/assets/jquery.js?body=1" for 127.0.0.1 at 2013-06-22 22:12:06 +0500
Served asset /jquery.js - 200 OK (2ms)


Started GET "/" for 127.0.0.1 at 2013-06-22 22:12:07 +0500
Processing by PaintingsController#index as HTML
  [1m[35mPainting Load (0.3ms)[0m  SELECT `paintings`.* FROM `paintings` 
  Rendered paintings/index.html.erb within layouts/application (2.0ms)
Completed 200 OK in 9ms (Views: 6.7ms | ActiveRecord: 0.3ms)


Started GET "/assets/application.css?body=1" for 127.0.0.1 at 2013-06-22 22:12:07 +0500
Served asset /application.css - 200 OK (5ms)


Started GET "/assets/paintings.js?body=1" for 127.0.0.1 at 2013-06-22 22:12:07 +0500
Served asset /paintings.js - 200 OK (0ms)


Started GET "/assets/jquery_ujs.js?body=1" for 127.0.0.1 at 2013-06-22 22:12:07 +0500
Served asset /jquery_ujs.js - 200 OK (0ms)


Started GET "/assets/paintings.css?body=1" for 127.0.0.1 at 2013-06-22 22:12:07 +0500
Served asset /paintings.css - 200 OK (0ms)


Started GET "/assets/jquery.js?body=1" for 127.0.0.1 at 2013-06-22 22:12:07 +0500
Served asset /jquery.js - 200 OK (2ms)


Started GET "/assets/application.js?body=1" for 127.0.0.1 at 2013-06-22 22:12:07 +0500
Served asset /application.js - 200 OK (1ms)


Started GET "/" for 127.0.0.1 at 2013-06-22 22:12:07 +0500
Processing by PaintingsController#index as HTML
  [1m[36mPainting Load (0.2ms)[0m  [1mSELECT `paintings`.* FROM `paintings` [0m
  Rendered paintings/index.html.erb within layouts/application (2.0ms)
Completed 200 OK in 8ms (Views: 6.7ms | ActiveRecord: 0.2ms)


Started GET "/assets/application.css?body=1" for 127.0.0.1 at 2013-06-22 22:12:07 +0500
Served asset /application.css - 200 OK (12ms)


Started GET "/assets/paintings.css?body=1" for 127.0.0.1 at 2013-06-22 22:12:07 +0500
Served asset /paintings.css - 200 OK (0ms)


Started GET "/assets/jquery.js?body=1" for 127.0.0.1 at 2013-06-22 22:12:07 +0500
Served asset /jquery.js - 200 OK (2ms)


Started GET "/assets/jquery_ujs.js?body=1" for 127.0.0.1 at 2013-06-22 22:12:07 +0500
Served asset /jquery_ujs.js - 200 OK (0ms)


Started GET "/assets/paintings.js?body=1" for 127.0.0.1 at 2013-06-22 22:12:07 +0500
Served asset /paintings.js - 200 OK (0ms)


Started GET "/assets/application.js?body=1" for 127.0.0.1 at 2013-06-22 22:12:07 +0500
Served asset /application.js - 200 OK (3ms)


Started GET "/" for 127.0.0.1 at 2013-06-22 22:12:07 +0500
Processing by PaintingsController#index as HTML
  [1m[35mPainting Load (0.2ms)[0m  SELECT `paintings`.* FROM `paintings` 
  Rendered paintings/index.html.erb within layouts/application (1.9ms)
Completed 200 OK in 12ms (Views: 10.2ms | ActiveRecord: 0.2ms)


Started GET "/assets/application.css?body=1" for 127.0.0.1 at 2013-06-22 22:12:08 +0500
Served asset /application.css - 200 OK (4ms)


Started GET "/assets/application.js?body=1" for 127.0.0.1 at 2013-06-22 22:12:08 +0500
Served asset /application.js - 200 OK (1ms)


Started GET "/assets/paintings.css?body=1" for 127.0.0.1 at 2013-06-22 22:12:08 +0500
Served asset /paintings.css - 200 OK (0ms)


Started GET "/assets/paintings.js?body=1" for 127.0.0.1 at 2013-06-22 22:12:08 +0500
Served asset /paintings.js - 200 OK (0ms)


Started GET "/assets/jquery_ujs.js?body=1" for 127.0.0.1 at 2013-06-22 22:12:08 +0500
Served asset /jquery_ujs.js - 200 OK (0ms)


Started GET "/assets/jquery.js?body=1" for 127.0.0.1 at 2013-06-22 22:12:08 +0500
Served asset /jquery.js - 200 OK (0ms)


Started GET "/" for 127.0.0.1 at 2013-06-22 22:12:08 +0500
Processing by PaintingsController#index as HTML
  [1m[36mPainting Load (0.3ms)[0m  [1mSELECT `paintings`.* FROM `paintings` [0m
  Rendered paintings/index.html.erb within layouts/application (1.7ms)
Completed 200 OK in 7ms (Views: 5.8ms | ActiveRecord: 0.3ms)


Started GET "/assets/application.css?body=1" for 127.0.0.1 at 2013-06-22 22:12:08 +0500
Served asset /application.css - 200 OK (0ms)


Started GET "/assets/paintings.css?body=1" for 127.0.0.1 at 2013-06-22 22:12:08 +0500
Served asset /paintings.css - 200 OK (0ms)


Started GET "/assets/jquery.js?body=1" for 127.0.0.1 at 2013-06-22 22:12:08 +0500
Served asset /jquery.js - 200 OK (0ms)


Started GET "/assets/jquery_ujs.js?body=1" for 127.0.0.1 at 2013-06-22 22:12:08 +0500
Served asset /jquery_ujs.js - 200 OK (0ms)


Started GET "/assets/application.js?body=1" for 127.0.0.1 at 2013-06-22 22:12:08 +0500
Served asset /application.js - 200 OK (1ms)


Started GET "/assets/paintings.js?body=1" for 127.0.0.1 at 2013-06-22 22:12:08 +0500
Served asset /paintings.js - 200 OK (0ms)


Started GET "/" for 127.0.0.1 at 2013-06-22 22:12:08 +0500
Processing by PaintingsController#index as HTML
  [1m[35mPainting Load (0.3ms)[0m  SELECT `paintings`.* FROM `paintings` 
  Rendered paintings/index.html.erb within layouts/application (2.1ms)
Completed 200 OK in 7ms (Views: 5.9ms | ActiveRecord: 0.3ms)


Started GET "/assets/application.css?body=1" for 127.0.0.1 at 2013-06-22 22:12:09 +0500
Served asset /application.css - 200 OK (0ms)


Started GET "/assets/jquery.js?body=1" for 127.0.0.1 at 2013-06-22 22:12:09 +0500
Served asset /jquery.js - 200 OK (2ms)


Started GET "/assets/paintings.css?body=1" for 127.0.0.1 at 2013-06-22 22:12:09 +0500
Served asset /paintings.css - 200 OK (0ms)


Started GET "/assets/paintings.js?body=1" for 127.0.0.1 at 2013-06-22 22:12:09 +0500
Served asset /paintings.js - 200 OK (0ms)


Started GET "/assets/application.js?body=1" for 127.0.0.1 at 2013-06-22 22:12:09 +0500
Served asset /application.js - 200 OK (1ms)


Started GET "/assets/jquery_ujs.js?body=1" for 127.0.0.1 at 2013-06-22 22:12:09 +0500
Served asset /jquery_ujs.js - 200 OK (0ms)


Started GET "/" for 127.0.0.1 at 2013-06-22 22:12:09 +0500
Processing by PaintingsController#index as HTML
  [1m[36mPainting Load (0.1ms)[0m  [1mSELECT `paintings`.* FROM `paintings` [0m
  Rendered paintings/index.html.erb within layouts/application (1.3ms)
Completed 200 OK in 6ms (Views: 5.1ms | ActiveRecord: 0.1ms)


Started GET "/assets/application.css?body=1" for 127.0.0.1 at 2013-06-22 22:12:09 +0500
Served asset /application.css - 200 OK (3ms)


Started GET "/assets/jquery_ujs.js?body=1" for 127.0.0.1 at 2013-06-22 22:12:09 +0500
Served asset /jquery_ujs.js - 200 OK (0ms)


Started GET "/assets/paintings.js?body=1" for 127.0.0.1 at 2013-06-22 22:12:09 +0500
Served asset /paintings.js - 200 OK (0ms)


Started GET "/assets/jquery.js?body=1" for 127.0.0.1 at 2013-06-22 22:12:09 +0500
Served asset /jquery.js - 200 OK (0ms)


Started GET "/assets/paintings.css?body=1" for 127.0.0.1 at 2013-06-22 22:12:09 +0500
Served asset /paintings.css - 200 OK (0ms)


Started GET "/assets/application.js?body=1" for 127.0.0.1 at 2013-06-22 22:12:09 +0500
Served asset /application.js - 200 OK (25ms)


Started GET "/" for 127.0.0.1 at 2013-06-22 22:12:09 +0500
Processing by PaintingsController#index as HTML
  [1m[35mPainting Load (0.1ms)[0m  SELECT `paintings`.* FROM `paintings` 
  Rendered paintings/index.html.erb within layouts/application (1.6ms)
Completed 200 OK in 6ms (Views: 5.4ms | ActiveRecord: 0.1ms)


Started GET "/assets/application.css?body=1" for 127.0.0.1 at 2013-06-22 22:12:09 +0500
Served asset /application.css - 200 OK (0ms)


Started GET "/assets/paintings.css?body=1" for 127.0.0.1 at 2013-06-22 22:12:09 +0500
Served asset /paintings.css - 200 OK (0ms)


Started GET "/assets/jquery.js?body=1" for 127.0.0.1 at 2013-06-22 22:12:09 +0500
Served asset /jquery.js - 200 OK (0ms)


Started GET "/assets/paintings.js?body=1" for 127.0.0.1 at 2013-06-22 22:12:09 +0500
Served asset /paintings.js - 200 OK (0ms)


Started GET "/assets/jquery_ujs.js?body=1" for 127.0.0.1 at 2013-06-22 22:12:09 +0500
Served asset /jquery_ujs.js - 200 OK (0ms)


Started GET "/assets/application.js?body=1" for 127.0.0.1 at 2013-06-22 22:12:09 +0500
Served asset /application.js - 200 OK (1ms)


Started GET "/" for 127.0.0.1 at 2013-06-22 22:12:09 +0500
Processing by PaintingsController#index as HTML
  [1m[36mPainting Load (0.1ms)[0m  [1mSELECT `paintings`.* FROM `paintings` [0m
  Rendered paintings/index.html.erb within layouts/application (2.8ms)
Completed 200 OK in 8ms (Views: 7.0ms | ActiveRecord: 0.1ms)


Started GET "/assets/application.css?body=1" for 127.0.0.1 at 2013-06-22 22:12:09 +0500
Served asset /application.css - 200 OK (0ms)


Started GET "/assets/paintings.css?body=1" for 127.0.0.1 at 2013-06-22 22:12:09 +0500
Served asset /paintings.css - 200 OK (0ms)


Started GET "/assets/jquery.js?body=1" for 127.0.0.1 at 2013-06-22 22:12:09 +0500
Served asset /jquery.js - 200 OK (0ms)


Started GET "/assets/jquery_ujs.js?body=1" for 127.0.0.1 at 2013-06-22 22:12:09 +0500
Served asset /jquery_ujs.js - 200 OK (0ms)


Started GET "/assets/application.js?body=1" for 127.0.0.1 at 2013-06-22 22:12:09 +0500
Served asset /application.js - 200 OK (1ms)


Started GET "/assets/paintings.js?body=1" for 127.0.0.1 at 2013-06-22 22:12:09 +0500
Served asset /paintings.js - 200 OK (0ms)


Started GET "/" for 127.0.0.1 at 2013-06-22 22:12:10 +0500
Processing by PaintingsController#index as HTML
  [1m[35mPainting Load (0.1ms)[0m  SELECT `paintings`.* FROM `paintings` 
  Rendered paintings/index.html.erb within layouts/application (1.9ms)
Completed 200 OK in 7ms (Views: 6.2ms | ActiveRecord: 0.1ms)


Started GET "/assets/application.css?body=1" for 127.0.0.1 at 2013-06-22 22:12:10 +0500
Served asset /application.css - 200 OK (4ms)


Started GET "/assets/paintings.css?body=1" for 127.0.0.1 at 2013-06-22 22:12:10 +0500
Served asset /paintings.css - 200 OK (0ms)


Started GET "/assets/jquery.js?body=1" for 127.0.0.1 at 2013-06-22 22:12:10 +0500
Served asset /jquery.js - 200 OK (0ms)


Started GET "/assets/paintings.js?body=1" for 127.0.0.1 at 2013-06-22 22:12:10 +0500
Served asset /paintings.js - 200 OK (0ms)


Started GET "/assets/jquery_ujs.js?body=1" for 127.0.0.1 at 2013-06-22 22:12:10 +0500
Served asset /jquery_ujs.js - 200 OK (0ms)


Started GET "/assets/application.js?body=1" for 127.0.0.1 at 2013-06-22 22:12:10 +0500
Served asset /application.js - 200 OK (1ms)


Started GET "/" for 127.0.0.1 at 2013-06-22 22:12:10 +0500
Processing by PaintingsController#index as HTML
  [1m[36mPainting Load (0.1ms)[0m  [1mSELECT `paintings`.* FROM `paintings` [0m
  Rendered paintings/index.html.erb within layouts/application (2.5ms)
Completed 200 OK in 8ms (Views: 6.7ms | ActiveRecord: 0.1ms)


Started GET "/assets/application.css?body=1" for 127.0.0.1 at 2013-06-22 22:12:10 +0500
Served asset /application.css - 200 OK (26ms)


Started GET "/assets/application.js?body=1" for 127.0.0.1 at 2013-06-22 22:12:10 +0500
Served asset /application.js - 200 OK (1ms)


Started GET "/assets/paintings.css?body=1" for 127.0.0.1 at 2013-06-22 22:12:10 +0500
Served asset /paintings.css - 200 OK (0ms)


Started GET "/assets/jquery_ujs.js?body=1" for 127.0.0.1 at 2013-06-22 22:12:10 +0500
Served asset /jquery_ujs.js - 200 OK (0ms)


Started GET "/assets/jquery.js?body=1" for 127.0.0.1 at 2013-06-22 22:12:10 +0500
Served asset /jquery.js - 200 OK (0ms)


Started GET "/assets/paintings.js?body=1" for 127.0.0.1 at 2013-06-22 22:12:10 +0500
Served asset /paintings.js - 200 OK (0ms)


Started GET "/" for 127.0.0.1 at 2013-06-22 22:12:10 +0500
Processing by PaintingsController#index as HTML
  [1m[35mPainting Load (0.1ms)[0m  SELECT `paintings`.* FROM `paintings` 
  Rendered paintings/index.html.erb within layouts/application (1.4ms)
Completed 200 OK in 6ms (Views: 5.2ms | ActiveRecord: 0.1ms)


Started GET "/assets/application.css?body=1" for 127.0.0.1 at 2013-06-22 22:12:10 +0500
Served asset /application.css - 200 OK (4ms)


Started GET "/assets/paintings.js?body=1" for 127.0.0.1 at 2013-06-22 22:12:10 +0500
Served asset /paintings.js - 200 OK (0ms)


Started GET "/assets/application.js?body=1" for 127.0.0.1 at 2013-06-22 22:12:10 +0500
Served asset /application.js - 200 OK (1ms)


Started GET "/assets/paintings.css?body=1" for 127.0.0.1 at 2013-06-22 22:12:10 +0500
Served asset /paintings.css - 200 OK (0ms)


Started GET "/assets/jquery_ujs.js?body=1" for 127.0.0.1 at 2013-06-22 22:12:10 +0500
Served asset /jquery_ujs.js - 200 OK (0ms)


Started GET "/assets/jquery.js?body=1" for 127.0.0.1 at 2013-06-22 22:12:10 +0500
Served asset /jquery.js - 200 OK (0ms)


Started GET "/" for 127.0.0.1 at 2013-06-22 22:12:11 +0500
Processing by PaintingsController#index as HTML
  [1m[36mPainting Load (0.3ms)[0m  [1mSELECT `paintings`.* FROM `paintings` [0m
  Rendered paintings/index.html.erb within layouts/application (2.0ms)
Completed 200 OK in 30ms (Views: 28.6ms | ActiveRecord: 0.3ms)


Started GET "/assets/application.css?body=1" for 127.0.0.1 at 2013-06-22 22:12:11 +0500
Served asset /application.css - 200 OK (0ms)


Started GET "/assets/paintings.css?body=1" for 127.0.0.1 at 2013-06-22 22:12:11 +0500
Served asset /paintings.css - 200 OK (0ms)


Started GET "/assets/jquery_ujs.js?body=1" for 127.0.0.1 at 2013-06-22 22:12:11 +0500
Served asset /jquery_ujs.js - 200 OK (0ms)


Started GET "/assets/jquery.js?body=1" for 127.0.0.1 at 2013-06-22 22:12:11 +0500
Served asset /jquery.js - 200 OK (1ms)


Started GET "/assets/application.js?body=1" for 127.0.0.1 at 2013-06-22 22:12:11 +0500
Served asset /application.js - 200 OK (1ms)


Started GET "/assets/paintings.js?body=1" for 127.0.0.1 at 2013-06-22 22:12:11 +0500
Served asset /paintings.js - 200 OK (0ms)


Started GET "/" for 127.0.0.1 at 2013-06-22 22:13:29 +0500
Processing by PaintingsController#index as HTML
  [1m[35mPainting Load (0.3ms)[0m  SELECT `paintings`.* FROM `paintings` 
  Rendered paintings/index.html.erb within layouts/application (7.9ms)
Completed 500 Internal Server Error in 11ms

ActionView::Template::Error (undefined local variable or method `new_paintings_path' for #<#<Class:0x007f4c74f4c618>:0x007f4c74b863f8>):
    11:   <div class="clear"></div>
    12: </div>
    13: 
    14:         <%= link_to "add new", new_paintings_path %>
  app/views/paintings/index.html.erb:14:in `_app_views_paintings_index_html_erb___2186490077472083404_69983176239380'


  Rendered /home/adil/.rvm/gems/ruby-1.9.3-p194/gems/actionpack-3.2.11/lib/action_dispatch/middleware/templates/rescues/_trace.erb (0.9ms)
  Rendered /home/adil/.rvm/gems/ruby-1.9.3-p194/gems/actionpack-3.2.11/lib/action_dispatch/middleware/templates/rescues/_request_and_response.erb (0.6ms)
  Rendered /home/adil/.rvm/gems/ruby-1.9.3-p194/gems/actionpack-3.2.11/lib/action_dispatch/middleware/templates/rescues/template_error.erb within rescues/layout (5.3ms)


Started GET "/" for 127.0.0.1 at 2013-06-22 22:13:59 +0500
Processing by PaintingsController#index as HTML
  [1m[36mPainting Load (0.3ms)[0m  [1mSELECT `paintings`.* FROM `paintings` [0m
  Rendered paintings/index.html.erb within layouts/application (2.3ms)
Completed 200 OK in 8ms (Views: 6.0ms | ActiveRecord: 0.3ms)


Started GET "/assets/application.css?body=1" for 127.0.0.1 at 2013-06-22 22:14:00 +0500
Served asset /application.css - 200 OK (0ms)


Started GET "/assets/jquery_ujs.js?body=1" for 127.0.0.1 at 2013-06-22 22:14:00 +0500
Served asset /jquery_ujs.js - 200 OK (0ms)


Started GET "/assets/paintings.css?body=1" for 127.0.0.1 at 2013-06-22 22:14:00 +0500
Served asset /paintings.css - 200 OK (0ms)


Started GET "/assets/jquery.js?body=1" for 127.0.0.1 at 2013-06-22 22:14:00 +0500
Served asset /jquery.js - 200 OK (1ms)


Started GET "/assets/paintings.js?body=1" for 127.0.0.1 at 2013-06-22 22:14:00 +0500
Served asset /paintings.js - 200 OK (0ms)


Started GET "/assets/application.js?body=1" for 127.0.0.1 at 2013-06-22 22:14:00 +0500
Served asset /application.js - 200 OK (1ms)


Started GET "/paintings/new" for 127.0.0.1 at 2013-06-22 22:14:07 +0500
Processing by PaintingsController#new as HTML
  Rendered paintings/new.html.erb within layouts/application (4.3ms)
Completed 200 OK in 8ms (Views: 7.7ms | ActiveRecord: 0.0ms)


Started GET "/assets/jquery.js?body=1" for 127.0.0.1 at 2013-06-22 22:14:07 +0500
Served asset /jquery.js - 304 Not Modified (4ms)


Started GET "/assets/paintings.js?body=1" for 127.0.0.1 at 2013-06-22 22:14:07 +0500
Served asset /paintings.js - 304 Not Modified (0ms)


Started GET "/assets/application.js?body=1" for 127.0.0.1 at 2013-06-22 22:14:07 +0500
Served asset /application.js - 304 Not Modified (0ms)


Started GET "/assets/jquery_ujs.js?body=1" for 127.0.0.1 at 2013-06-22 22:14:07 +0500
Served asset /jquery_ujs.js - 304 Not Modified (0ms)


Started POST "/paintings" for 127.0.0.1 at 2013-06-22 22:14:13 +0500
Processing by PaintingsController#create as HTML
  Parameters: {"utf8"=>"✓", "authenticity_token"=>"N1ZEdwiXcWyIeLp5kAmtcPh2Xymth7qI8aTb05RpbRE=", "painting"=>{"image"=>#<ActionDispatch::Http::UploadedFile:0x00000001f88d28 @original_filename="11020142-B04.jpg", @content_type="image/jpeg", @headers="Content-Disposition: form-data; name=\"painting[image]\"; filename=\"11020142-B04.jpg\"\r\nContent-Type: image/jpeg\r\n", @tempfile=#<File:/tmp/RackMultipart20130622-4321-timaf>>, "remote_image_url"=>""}, "commit"=>"Create Painting"}
  [1m[35m (0.2ms)[0m  BEGIN
  [1m[36mSQL (1.2ms)[0m  [1mINSERT INTO `paintings` (`created_at`, `image`, `updated_at`) VALUES ('2013-06-22 17:14:13', '11020142-B04.jpg', '2013-06-22 17:14:13')[0m
  [1m[35m (62.9ms)[0m  COMMIT
Redirected to http://localhost:3000paintings#index
Completed 302 Found in 76ms (ActiveRecord: 64.3ms)


Started POST "/paintings" for 127.0.0.1 at 2013-06-22 22:14:13 +0500
Processing by PaintingsController#create as HTML
  Parameters: {"utf8"=>"✓", "authenticity_token"=>"N1ZEdwiXcWyIeLp5kAmtcPh2Xymth7qI8aTb05RpbRE=", "painting"=>{"image"=>#<ActionDispatch::Http::UploadedFile:0x007f4c74d6e260 @original_filename="11020142-B04.jpg", @content_type="image/jpeg", @headers="Content-Disposition: form-data; name=\"painting[image]\"; filename=\"11020142-B04.jpg\"\r\nContent-Type: image/jpeg\r\n", @tempfile=#<File:/tmp/RackMultipart20130622-4321-157uf8n>>, "remote_image_url"=>""}, "commit"=>"Create Painting"}
  [1m[36m (0.2ms)[0m  [1mBEGIN[0m
  [1m[35mSQL (0.4ms)[0m  INSERT INTO `paintings` (`created_at`, `image`, `updated_at`) VALUES ('2013-06-22 17:14:13', '11020142-B04.jpg', '2013-06-22 17:14:13')
  [1m[36m (93.8ms)[0m  [1mCOMMIT[0m
Redirected to http://localhost:3000paintings#index
Completed 302 Found in 124ms (ActiveRecord: 94.4ms)


Started GET "/paintings/new" for 127.0.0.1 at 2013-06-22 22:15:01 +0500
Processing by PaintingsController#new as HTML
  Rendered paintings/new.html.erb within layouts/application (5.7ms)
Completed 200 OK in 29ms (Views: 13.9ms | ActiveRecord: 2.2ms)


Started POST "/paintings" for 127.0.0.1 at 2013-06-22 22:15:06 +0500
Processing by PaintingsController#create as HTML
  Parameters: {"utf8"=>"✓", "authenticity_token"=>"N1ZEdwiXcWyIeLp5kAmtcPh2Xymth7qI8aTb05RpbRE=", "painting"=>{"image"=>#<ActionDispatch::Http::UploadedFile:0x007f4c74fa6af0 @original_filename="11020289-C09.jpg", @content_type="image/jpeg", @headers="Content-Disposition: form-data; name=\"painting[image]\"; filename=\"11020289-C09.jpg\"\r\nContent-Type: image/jpeg\r\n", @tempfile=#<File:/tmp/RackMultipart20130622-4321-53uih0>>, "remote_image_url"=>""}, "commit"=>"Create Painting"}
  [1m[35m (0.2ms)[0m  BEGIN
  [1m[36mSQL (0.5ms)[0m  [1mINSERT INTO `paintings` (`created_at`, `image`, `updated_at`) VALUES ('2013-06-22 17:15:06', '11020289-C09.jpg', '2013-06-22 17:15:06')[0m
  [1m[35m (142.3ms)[0m  COMMIT
Redirected to http://localhost:3000/paintings
Completed 302 Found in 155ms (ActiveRecord: 143.0ms)


Started GET "/paintings" for 127.0.0.1 at 2013-06-22 22:15:06 +0500
Processing by PaintingsController#index as HTML
  [1m[36mPainting Load (0.2ms)[0m  [1mSELECT `paintings`.* FROM `paintings` [0m
  Rendered paintings/index.html.erb within layouts/application (3.1ms)
Completed 200 OK in 8ms (Views: 6.7ms | ActiveRecord: 0.2ms)


Started GET "/assets/jquery.js?body=1" for 127.0.0.1 at 2013-06-22 22:15:06 +0500
Served asset /jquery.js - 304 Not Modified (0ms)


Started GET "/assets/jquery_ujs.js?body=1" for 127.0.0.1 at 2013-06-22 22:15:06 +0500
Served asset /jquery_ujs.js - 304 Not Modified (0ms)


Started GET "/assets/paintings.js?body=1" for 127.0.0.1 at 2013-06-22 22:15:06 +0500
Served asset /paintings.js - 304 Not Modified (0ms)


Started GET "/assets/application.js?body=1" for 127.0.0.1 at 2013-06-22 22:15:06 +0500
Served asset /application.js - 304 Not Modified (1ms)
Connecting to database specified by database.yml
  [1m[36m (136.6ms)[0m  [1mCREATE TABLE `paintings` (`id` int(11) DEFAULT NULL auto_increment PRIMARY KEY, `image` varchar(255), `created_at` datetime NOT NULL, `updated_at` datetime NOT NULL) ENGINE=InnoDB[0m
  [1m[35m (131.3ms)[0m  CREATE TABLE `schema_migrations` (`version` varchar(255) NOT NULL) ENGINE=InnoDB
  [1m[36m (233.2ms)[0m  [1mCREATE UNIQUE INDEX `unique_schema_migrations` ON `schema_migrations` (`version`)[0m
  [1m[35m (0.5ms)[0m  SELECT version FROM `schema_migrations`
  [1m[36m (56.1ms)[0m  [1mINSERT INTO `schema_migrations` (version) VALUES ('20130622164856')[0m
  [1m[35m (2.1ms)[0m  SELECT `schema_migrations`.`version` FROM `schema_migrations` 


Started POST "/paintings" for 127.0.0.1 at 2013-06-22 22:17:17 +0500
Connecting to database specified by database.yml
Processing by PaintingsController#create as HTML
  Parameters: {"utf8"=>"✓", "authenticity_token"=>"N1ZEdwiXcWyIeLp5kAmtcPh2Xymth7qI8aTb05RpbRE=", "painting"=>{"image"=>#<ActionDispatch::Http::UploadedFile:0x007f50f47ed4b0 @original_filename="11020289-C09.jpg", @content_type="image/jpeg", @headers="Content-Disposition: form-data; name=\"painting[image]\"; filename=\"11020289-C09.jpg\"\r\nContent-Type: image/jpeg\r\n", @tempfile=#<File:/tmp/RackMultipart20130622-4551-nlmhhk>>, "remote_image_url"=>""}, "commit"=>"Create Painting"}
  [1m[36m (0.3ms)[0m  [1mBEGIN[0m
  [1m[35mSQL (3.1ms)[0m  INSERT INTO `paintings` (`created_at`, `image`, `updated_at`) VALUES ('2013-06-22 17:17:19', '11020289-C09.jpg', '2013-06-22 17:17:19')
  [1m[36m (65.3ms)[0m  [1mCOMMIT[0m
Redirected to http://localhost:3000/paintings
Completed 302 Found in 864ms (ActiveRecord: 70.9ms)


Started GET "/paintings" for 127.0.0.1 at 2013-06-22 22:17:19 +0500
Processing by PaintingsController#index as HTML
  [1m[35mPainting Load (0.3ms)[0m  SELECT `paintings`.* FROM `paintings` 
  Rendered paintings/index.html.erb within layouts/application (4.5ms)
Completed 200 OK in 54ms (Views: 50.5ms | ActiveRecord: 0.3ms)


Started GET "/assets/application.css?body=1" for 127.0.0.1 at 2013-06-22 22:17:19 +0500
Served asset /application.css - 200 OK (2ms)


Started GET "/assets/jquery_ujs.js?body=1" for 127.0.0.1 at 2013-06-22 22:17:19 +0500
Served asset /jquery_ujs.js - 200 OK (1ms)


Started GET "/assets/jquery.js?body=1" for 127.0.0.1 at 2013-06-22 22:17:19 +0500
Served asset /jquery.js - 200 OK (2ms)


Started GET "/assets/application.js?body=1" for 127.0.0.1 at 2013-06-22 22:17:19 +0500
Served asset /application.js - 200 OK (5ms)


Started GET "/assets/paintings.js?body=1" for 127.0.0.1 at 2013-06-22 22:17:19 +0500
Served asset /paintings.js - 200 OK (1ms)


Started GET "/assets/paintings.css?body=1" for 127.0.0.1 at 2013-06-22 22:17:19 +0500
Served asset /paintings.css - 200 OK (1ms)


Started GET "/paintings/new" for 127.0.0.1 at 2013-06-22 22:17:31 +0500
Processing by PaintingsController#new as HTML
  Rendered paintings/new.html.erb within layouts/application (27.6ms)
Completed 200 OK in 34ms (Views: 33.2ms | ActiveRecord: 0.0ms)


Started POST "/paintings" for 127.0.0.1 at 2013-06-22 22:17:38 +0500
Processing by PaintingsController#create as HTML
  Parameters: {"utf8"=>"✓", "authenticity_token"=>"N1ZEdwiXcWyIeLp5kAmtcPh2Xymth7qI8aTb05RpbRE=", "painting"=>{"image"=>#<ActionDispatch::Http::UploadedFile:0x007f50f4942ae0 @original_filename="12100022-C08.jpg", @content_type="image/jpeg", @headers="Content-Disposition: form-data; name=\"painting[image]\"; filename=\"12100022-C08.jpg\"\r\nContent-Type: image/jpeg\r\n", @tempfile=#<File:/tmp/RackMultipart20130622-4551-2fu0d8>>, "remote_image_url"=>""}, "commit"=>"Create Painting"}
  [1m[36m (0.3ms)[0m  [1mBEGIN[0m
  [1m[35mSQL (0.6ms)[0m  INSERT INTO `paintings` (`created_at`, `image`, `updated_at`) VALUES ('2013-06-22 17:17:38', '12100022-C08.jpg', '2013-06-22 17:17:38')
  [1m[36m (90.5ms)[0m  [1mCOMMIT[0m
Redirected to http://localhost:3000/paintings
Completed 302 Found in 379ms (ActiveRecord: 91.4ms)


Started GET "/paintings" for 127.0.0.1 at 2013-06-22 22:17:38 +0500
Processing by PaintingsController#index as HTML
  [1m[35mPainting Load (0.6ms)[0m  SELECT `paintings`.* FROM `paintings` 
  Rendered paintings/index.html.erb within layouts/application (5.0ms)
Completed 200 OK in 17ms (Views: 14.3ms | ActiveRecord: 0.6ms)


Started DELETE "/paintings/2" for 127.0.0.1 at 2013-06-22 22:17:57 +0500
Processing by PaintingsController#destroy as HTML
  Parameters: {"authenticity_token"=>"N1ZEdwiXcWyIeLp5kAmtcPh2Xymth7qI8aTb05RpbRE=", "id"=>"2"}
  [1m[36mPainting Load (0.6ms)[0m  [1mSELECT `paintings`.* FROM `paintings` WHERE `paintings`.`id` = 2 LIMIT 1[0m
  [1m[35m (0.2ms)[0m  BEGIN
  [1m[36mSQL (0.4ms)[0m  [1mDELETE FROM `paintings` WHERE `paintings`.`id` = 2[0m
  [1m[35m (73.7ms)[0m  COMMIT
Redirected to http://localhost:3000/paintings
Completed 302 Found in 78ms (ActiveRecord: 74.9ms)


Started GET "/paintings" for 127.0.0.1 at 2013-06-22 22:17:57 +0500
Processing by PaintingsController#index as HTML
  [1m[36mPainting Load (0.7ms)[0m  [1mSELECT `paintings`.* FROM `paintings` [0m
  Rendered paintings/index.html.erb within layouts/application (1.7ms)
Completed 200 OK in 10ms (Views: 7.4ms | ActiveRecord: 0.7ms)


Started GET "/paintings/new" for 127.0.0.1 at 2013-06-22 22:18:38 +0500
Processing by PaintingsController#new as HTML
  Rendered paintings/new.html.erb within layouts/application (1.2ms)
Completed 200 OK in 5ms (Views: 4.8ms | ActiveRecord: 0.0ms)


Started POST "/paintings" for 127.0.0.1 at 2013-06-22 22:20:07 +0500
Processing by PaintingsController#create as HTML
  Parameters: {"utf8"=>"✓", "authenticity_token"=>"N1ZEdwiXcWyIeLp5kAmtcPh2Xymth7qI8aTb05RpbRE=", "painting"=>{"remote_image_url"=>"http://blog.gettyimages.com/wp-content/uploads/2013/01/Siberian-Tiger-Running-Through-Snow-Tom-Brakefield-Getty-Images-200353826-001.jpg"}, "commit"=>"Create Painting"}
  [1m[35m (0.3ms)[0m  BEGIN
  [1m[36mSQL (0.6ms)[0m  [1mINSERT INTO `paintings` (`created_at`, `image`, `updated_at`) VALUES ('2013-06-22 17:20:10', 'Siberian-Tiger-Running-Through-Snow-Tom-Brakefield-Getty-Images-200353826-001.jpg', '2013-06-22 17:20:10')[0m
  [1m[35m (75.7ms)[0m  COMMIT
Redirected to http://localhost:3000/paintings
Completed 302 Found in 3706ms (ActiveRecord: 76.6ms)


Started POST "/paintings" for 127.0.0.1 at 2013-06-22 22:20:10 +0500
Processing by PaintingsController#create as HTML
  Parameters: {"utf8"=>"✓", "authenticity_token"=>"N1ZEdwiXcWyIeLp5kAmtcPh2Xymth7qI8aTb05RpbRE=", "painting"=>{"remote_image_url"=>"http://blog.gettyimages.com/wp-content/uploads/2013/01/Siberian-Tiger-Running-Through-Snow-Tom-Brakefield-Getty-Images-200353826-001.jpg"}, "commit"=>"Create Painting"}
  [1m[36m (0.3ms)[0m  [1mBEGIN[0m
  [1m[35mSQL (0.5ms)[0m  INSERT INTO `paintings` (`created_at`, `image`, `updated_at`) VALUES ('2013-06-22 17:20:14', 'Siberian-Tiger-Running-Through-Snow-Tom-Brakefield-Getty-Images-200353826-001.jpg', '2013-06-22 17:20:14')
  [1m[36m (55.2ms)[0m  [1mCOMMIT[0m
Redirected to http://localhost:3000/paintings
Completed 302 Found in 3490ms (ActiveRecord: 56.0ms)


Started GET "/paintings" for 127.0.0.1 at 2013-06-22 22:20:14 +0500
Processing by PaintingsController#index as HTML
  [1m[35mPainting Load (0.7ms)[0m  SELECT `paintings`.* FROM `paintings` 
  Rendered paintings/index.html.erb within layouts/application (5.5ms)
Completed 200 OK in 17ms (Views: 13.4ms | ActiveRecord: 0.7ms)


Started GET "/assets/paintings.css?body=1" for 127.0.0.1 at 2013-06-22 22:20:14 +0500
Served asset /paintings.css - 304 Not Modified (0ms)


Started GET "/assets/paintings.js?body=1" for 127.0.0.1 at 2013-06-22 22:20:14 +0500
Served asset /paintings.js - 304 Not Modified (0ms)
Connecting to database specified by database.yml
Connecting to database specified by database.yml
  [1m[36m (24.6ms)[0m  [1mSELECT `schema_migrations`.`version` FROM `schema_migrations` [0m
Migrating to CreatePaintings (20130622164856)
Migrating to AddImageProcessedToPaintings (20130622175249)
  [1m[35m (340.3ms)[0m  ALTER TABLE `paintings` ADD `image_processed` tinyint(1)
  [1m[36m (65.7ms)[0m  [1mINSERT INTO `schema_migrations` (`version`) VALUES ('20130622175249')[0m
  [1m[35m (0.5ms)[0m  SELECT `schema_migrations`.`version` FROM `schema_migrations` 
Connecting to database specified by database.yml
Connecting to database specified by database.yml
Connecting to database specified by database.yml
Connecting to database specified by database.yml
Connecting to database specified by database.yml
Connecting to database specified by database.yml
Connecting to database specified by database.yml


Started POST "/paintings" for 127.0.0.1 at 2013-06-22 23:10:12 +0500
Processing by PaintingsController#create as HTML
  Parameters: {"utf8"=>"✓", "authenticity_token"=>"N1ZEdwiXcWyIeLp5kAmtcPh2Xymth7qI8aTb05RpbRE=", "painting"=>{"remote_image_url"=>"http://blog.gettyimages.com/wp-content/uploads/2013/01/Siberian-Tiger-Running-Through-Snow-Tom-Brakefield-Getty-Images-200353826-001.jpg"}, "commit"=>"Create Painting"}
  [1m[36m (0.3ms)[0m  [1mBEGIN[0m
  [1m[35mPainting Exists (0.3ms)[0m  SELECT 1 AS one FROM `paintings` WHERE `paintings`.`image` = '20130622-2310-5123-5486/Siberian-Tiger-Running-Through-Snow-Tom-Brakefield-Getty-Images-200353826-001.jpg' LIMIT 1
  [1m[36m (0.1ms)[0m  [1mROLLBACK[0m
Completed 422 Unprocessable Entity in 12033ms

ActiveRecord::RecordInvalid (Validation failed: Image is invalid. ):
  app/controllers/paintings_controller.rb:6:in `create'


  Rendered /home/adil/.rvm/gems/ruby-1.9.3-p194/gems/actionpack-3.2.11/lib/action_dispatch/middleware/templates/rescues/_trace.erb (0.9ms)
  Rendered /home/adil/.rvm/gems/ruby-1.9.3-p194/gems/actionpack-3.2.11/lib/action_dispatch/middleware/templates/rescues/_request_and_response.erb (0.8ms)
  Rendered /home/adil/.rvm/gems/ruby-1.9.3-p194/gems/actionpack-3.2.11/lib/action_dispatch/middleware/templates/rescues/diagnostics.erb within rescues/layout (33.2ms)


Started POST "/paintings" for 127.0.0.1 at 2013-06-22 23:10:49 +0500
Processing by PaintingsController#create as HTML
  Parameters: {"utf8"=>"✓", "authenticity_token"=>"N1ZEdwiXcWyIeLp5kAmtcPh2Xymth7qI8aTb05RpbRE=", "painting"=>{"remote_image_url"=>"http://blog.gettyimages.com/wp-content/uploads/2013/01/Siberian-Tiger-Running-Through-Snow-Tom-Brakefield-Getty-Images-200353826-001.jpg"}, "commit"=>"Create Painting"}
  [1m[35m (0.3ms)[0m  BEGIN
  [1m[36m (0.3ms)[0m  [1mROLLBACK[0m
Completed 422 Unprocessable Entity in 20038ms

ActiveRecord::RecordInvalid (Validation failed: Image could not download file: getaddrinfo: Name or service not known):
  app/controllers/paintings_controller.rb:6:in `create'


  Rendered /home/adil/.rvm/gems/ruby-1.9.3-p194/gems/actionpack-3.2.11/lib/action_dispatch/middleware/templates/rescues/_trace.erb (0.8ms)
  Rendered /home/adil/.rvm/gems/ruby-1.9.3-p194/gems/actionpack-3.2.11/lib/action_dispatch/middleware/templates/rescues/_request_and_response.erb (0.8ms)
  Rendered /home/adil/.rvm/gems/ruby-1.9.3-p194/gems/actionpack-3.2.11/lib/action_dispatch/middleware/templates/rescues/diagnostics.erb within rescues/layout (5.4ms)


Started GET "/" for 127.0.0.1 at 2013-06-22 23:11:57 +0500
Processing by PaintingsController#index as HTML
  [1m[35mPainting Load (0.9ms)[0m  SELECT `paintings`.* FROM `paintings` 
  Rendered paintings/index.html.erb within layouts/application (36.4ms)
Completed 500 Internal Server Error in 43ms

ActionView::Template::Error (can't convert nil into String):
    12: </div>
    13: 
    14: <%= direct_upload_form_for @uploader do |f| %>
    15:   <p><%= f.file_field :image %></p>
    16:   <p><%= f.submit "Upload Image" %></p>
    17: <% end %>
    18:          <%#= link_to "add new", new_painting_path %>
  app/views/paintings/index.html.erb:15:in `block in _app_views_paintings_index_html_erb__2706894799353338025_27415220'
  app/views/paintings/index.html.erb:14:in `_app_views_paintings_index_html_erb__2706894799353338025_27415220'


  Rendered /home/adil/.rvm/gems/ruby-1.9.3-p194/gems/actionpack-3.2.11/lib/action_dispatch/middleware/templates/rescues/_trace.erb (0.9ms)
  Rendered /home/adil/.rvm/gems/ruby-1.9.3-p194/gems/actionpack-3.2.11/lib/action_dispatch/middleware/templates/rescues/_request_and_response.erb (0.7ms)
  Rendered /home/adil/.rvm/gems/ruby-1.9.3-p194/gems/actionpack-3.2.11/lib/action_dispatch/middleware/templates/rescues/template_error.erb within rescues/layout (5.5ms)
